#
# A fatal error has been detected by the Java Runtime Environment:
#
#  EXCEPTION_ACCESS_VIOLATION (0xc0000005) at pc=0x0000000063778ae9, pid=11884, tid=7296
#
# JRE version: Java(TM) SE Runtime Environment (8.0_73-b02) (build 1.8.0_73-b02)
# Java VM: Java HotSpot(TM) 64-Bit Server VM (25.73-b02 mixed mode windows-amd64 compressed oops)
# Problematic frame:
# V  [jvm.dll+0x128ae9]
#
# Failed to write core dump. Minidumps are not enabled by default on client versions of Windows
#
# If you would like to submit a bug report, please visit:
#   http://bugreport.java.com/bugreport/crash.jsp
#

---------------  T H R E A D  ---------------

Current thread (0x0000000014bb0000):  JavaThread "JDWP Transport Listener: dt_socket" daemon [_thread_in_vm, id=7296, stack(0x0000000015bd0000,0x0000000015cd0000)]

siginfo: ExceptionCode=0xc0000005, reading address 0xffffffffffffffff

Registers:
RAX=0x0000000015ccf701, RBX=0x0000000063cbf078, RCX=0x0000000063cbf078, RDX=0x0000000063b765b0
RSP=0x0000000015ccf6f0, RBP=0x0000000014bff9f0, RSI=0x0000000015ccf808, RDI=0x0000000002769c70
R8 =0x0000000014bb0000, R9 =0x0000000000008000, R10=0x746e654c293b3e3b, R11=0x000000001626fcd1
R12=0x0000000000000000, R13=0x0000000014bb08e8, R14=0x0000000000000000, R15=0x0000000000000000
RIP=0x0000000063778ae9, EFLAGS=0x0000000000010206

Top of Stack: (sp=0x0000000015ccf6f0)
0x0000000015ccf6f0:   0000000014bb0000 0000000014bb0000
0x0000000015ccf700:   0000000015ccf7b8 000000006397e34b
0x0000000015ccf710:   0000000014bb0000 000000006399abad
0x0000000015ccf720:   000000000000002e 0000000063199155
0x0000000015ccf730:   0000000014c3df50 00000000631a291e
0x0000000015ccf740:   0000000014bb0000 0000000000000000
0x0000000015ccf750:   0000000000000000 0000000000000000
0x0000000015ccf760:   0000000014bff9f0 00000000631a1a15
0x0000000015ccf770:   0000000015ccf808 0000000015ccf7e0
0x0000000015ccf780:   0000000000000001 0000000014c3df50
0x0000000015ccf790:   0000000014bff9f0 00000000631853b3
0x0000000015ccf7a0:   0000000015ccf8d0 0000000000000001
0x0000000015ccf7b0:   0000000000000001 0000000014c3df50
0x0000000015ccf7c0:   000000000000000a 0000000000000000
0x0000000015ccf7d0:   0000000000000000 0000000000000000
0x0000000015ccf7e0:   0000000000000001 0000000063185571 

Instructions: (pc=0x0000000063778ae9)
0x0000000063778ac9:   33 c0 48 83 c4 28 c3 48 89 5c 24 20 48 8b 19 48
0x0000000063778ad9:   85 db 74 20 48 83 fb 37 74 1a 48 8b 13 48 8b cb
0x0000000063778ae9:   ff 52 10 84 c0 74 0d 48 8b c3 48 8b 5c 24 20 48
0x0000000063778af9:   83 c4 28 c3 33 c0 48 8b 5c 24 20 48 83 c4 28 c3 


Register to memory mapping:

RAX=0x0000000015ccf701 is pointing into the stack for thread: 0x0000000014bb0000
RBX=0x0000000063cbf078 is an unknown value
RCX=0x0000000063cbf078 is an unknown value
RDX=0x0000000063b765b0 is an unknown value
RSP=0x0000000015ccf6f0 is pointing into the stack for thread: 0x0000000014bb0000
RBP=0x0000000014bff9f0 is an unknown value
RSI=0x0000000015ccf808 is pointing into the stack for thread: 0x0000000014bb0000
RDI=0x0000000002769c70 is an unknown value
R8 =0x0000000014bb0000 is a thread
R9 =0x0000000000008000 is an unknown value
R10=0x746e654c293b3e3b is an unknown value
R11=0x000000001626fcd1 is an unknown value
R12=0x0000000000000000 is an unknown value
R13=0x0000000014bb08e8 is an unknown value
R14=0x0000000000000000 is an unknown value
R15=0x0000000000000000 is an unknown value


Stack: [0x0000000015bd0000,0x0000000015cd0000],  sp=0x0000000015ccf6f0,  free space=1021k
Native frames: (J=compiled Java code, j=interpreted, Vv=VM code, C=native code)
V  [jvm.dll+0x128ae9]
V  [jvm.dll+0x34abad]
C  [jdwp.dll+0x21a15]
C  [jdwp.dll+0x53b3]
C  [jdwp.dll+0x5571]
C  [jdwp.dll+0xf0a8]
C  [jdwp.dll+0x1f2d5]
C  [jdwp.dll+0x1f4aa]
V  [jvm.dll+0x1bbb58]
V  [jvm.dll+0x243234]
V  [jvm.dll+0x29a10a]
C  [msvcr100.dll+0x21d9f]
C  [msvcr100.dll+0x21e3b]
C  [KERNEL32.DLL+0x13d2]
C  [ntdll.dll+0x154e4]


---------------  P R O C E S S  ---------------

Java Threads: ( => current thread )
  0x0000000014c38800 JavaThread "Service Thread" daemon [_thread_blocked, id=10908, stack(0x00000000160d0000,0x00000000161d0000)]
  0x0000000014bd9000 JavaThread "C1 CompilerThread1" daemon [_thread_blocked, id=7600, stack(0x0000000015fd0000,0x00000000160d0000)]
  0x0000000014bdd000 JavaThread "C2 CompilerThread0" daemon [_thread_blocked, id=10224, stack(0x0000000015ed0000,0x0000000015fd0000)]
  0x0000000014bc3800 JavaThread "JDWP Command Reader" daemon [_thread_in_native, id=10632, stack(0x0000000015dd0000,0x0000000015ed0000)]
  0x0000000014bbe000 JavaThread "JDWP Event Helper Thread" daemon [_thread_blocked, id=9408, stack(0x0000000015cd0000,0x0000000015dd0000)]
=>0x0000000014bb0000 JavaThread "JDWP Transport Listener: dt_socket" daemon [_thread_in_vm, id=7296, stack(0x0000000015bd0000,0x0000000015cd0000)]
  0x0000000014bab000 JavaThread "Attach Listener" daemon [_thread_blocked, id=7480, stack(0x0000000015ad0000,0x0000000015bd0000)]
  0x0000000014ba9800 JavaThread "Signal Dispatcher" daemon [_thread_blocked, id=11004, stack(0x00000000159d0000,0x0000000015ad0000)]
  0x0000000002864800 JavaThread "Finalizer" daemon [_thread_blocked, id=10164, stack(0x00000000157f0000,0x00000000158f0000)]
  0x000000000285c000 JavaThread "Reference Handler" daemon [_thread_blocked, id=9272, stack(0x00000000156f0000,0x00000000157f0000)]
  0x0000000002772800 JavaThread "main" [_thread_blocked, id=12172, stack(0x0000000002630000,0x0000000002730000)]

Other Threads:
  0x0000000014b76000 VMThread [stack: 0x00000000155f0000,0x00000000156f0000] [id=8732]
  0x0000000014c47000 WatcherThread [stack: 0x00000000165d0000,0x00000000166d0000] [id=5212]

VM state:not at safepoint (normal execution)

VM Mutex/Monitor currently owned by a thread: None

Heap:
 PSYoungGen      total 18432K, used 2222K [0x00000000eb600000, 0x00000000eca80000, 0x0000000100000000)
  eden space 15872K, 14% used [0x00000000eb600000,0x00000000eb82b960,0x00000000ec580000)
  from space 2560K, 0% used [0x00000000ec800000,0x00000000ec800000,0x00000000eca80000)
  to   space 2560K, 0% used [0x00000000ec580000,0x00000000ec580000,0x00000000ec800000)
 ParOldGen       total 42496K, used 0K [0x00000000c2200000, 0x00000000c4b80000, 0x00000000eb600000)
  object space 42496K, 0% used [0x00000000c2200000,0x00000000c2200000,0x00000000c4b80000)
 Metaspace       used 2901K, capacity 4632K, committed 4864K, reserved 1056768K
  class space    used 309K, capacity 392K, committed 512K, reserved 1048576K

Card table byte_map: [0x0000000011c30000,0x0000000011e20000] byte_map_base: 0x000000001161f000

Marking Bits: (ParMarkBitMap*) 0x0000000063e60600
 Begin Bits: [0x0000000012170000, 0x00000000130e8000)
 End Bits:   [0x00000000130e8000, 0x0000000014060000)

Polling page: 0x0000000000d60000

CodeCache: size=245760Kb used=1196Kb max_used=1206Kb free=244563Kb
 bounds [0x0000000002870000, 0x0000000002ae0000, 0x0000000011870000]
 total_blobs=294 nmethods=68 adapters=148
 compilation: enabled

Compilation events (10 events):
Event: 3.043 Thread 0x0000000014bd9000   64       3       java.lang.AbstractStringBuilder::append (62 bytes)
Event: 3.044 Thread 0x0000000014bd9000 nmethod 64 0x0000000002998490 code [0x0000000002998660, 0x0000000002998d48]
Event: 3.057 Thread 0x0000000014bd9000   65       3       java.lang.Integer::getChars (131 bytes)
Event: 3.057 Thread 0x0000000014bd9000 nmethod 65 0x0000000002999110 code [0x00000000029992a0, 0x0000000002999730]
Event: 23.797 Thread 0x0000000014bd9000   66       3       java.lang.String::<init> (10 bytes)
Event: 23.797 Thread 0x0000000014bd9000 nmethod 66 0x0000000002999bd0 code [0x0000000002999d20, 0x0000000002999ef0]
Event: 53.430 Thread 0x0000000014bdd000   67       4       java.lang.AbstractStringBuilder::append (50 bytes)
Event: 53.444 Thread 0x0000000014bdd000 nmethod 67 0x000000000299d090 code [0x000000000299d200, 0x000000000299d6e8]
Event: 189.632 Thread 0x0000000014bd9000   68  s    3       java.lang.StringBuffer::toString (36 bytes)
Event: 189.634 Thread 0x0000000014bd9000 nmethod 68 0x000000000299c910 code [0x000000000299caa0, 0x000000000299cf48]

GC Heap History (0 events):
No events

Deoptimization events (0 events):
No events

Internal exceptions (2 events):
Event: 0.153 Thread 0x0000000002772800 Exception <a 'java/lang/NoSuchMethodError': Method sun.misc.Unsafe.defineClass(Ljava/lang/String;[BII)Ljava/lang/Class; name or signature does not match> (0x00000000eb612ee8) thrown at [D:\re\puppet\workspace\8-2-build-windows-amd64-cygwin\jdk8u73\6086\hotџ~8——Г?
Event: 0.153 Thread 0x0000000002772800 Exception <a 'java/lang/NoSuchMethodError': Method sun.misc.Unsafe.prefetchRead(Ljava/lang/Object;J)V name or signature does not match> (0x00000000eb6131d0) thrown at [D:\re\puppet\workspace\8-2-build-windows-amd64-cygwin\jdk8u73\6086\hotspot\src\share\vm\

Events (10 events):
Event: 189.655 Executing VM operation: ForceSafepoint
Event: 189.655 Executing VM operation: ForceSafepoint done
Event: 189.656 Executing VM operation: ForceSafepoint
Event: 189.656 Executing VM operation: ForceSafepoint done
Event: 189.657 Executing VM operation: ForceSafepoint
Event: 189.657 Executing VM operation: ForceSafepoint done
Event: 337.612 Executing VM operation: ChangeBreakpoints
Event: 337.612 Executing VM operation: ChangeBreakpoints done
Event: 337.617 Executing VM operation: RedefineClasses
Event: 337.618 Executing VM operation: RedefineClasses done


Dynamic libraries:
0x00007ff67ccb0000 - 0x00007ff67cce7000 	E:\program_files\jdk1.8.0_73\bin\java.exe
0x00007ffb0f310000 - 0x00007ffb0f4bd000 	C:\Windows\SYSTEM32\ntdll.dll
0x00007ffb0dc10000 - 0x00007ffb0dd4e000 	C:\Windows\system32\KERNEL32.DLL
0x00007ffaff4c0000 - 0x00007ffaff4f3000 	C:\Program Files (x86)\AVG\Av\avghooka.dll
0x00007ffb0b1b0000 - 0x00007ffb0b2c5000 	C:\Windows\system32\KERNELBASE.dll
0x00007ffb09c80000 - 0x00007ffb09d0e000 	C:\Windows\system32\apphelp.dll
0x00007ffafe4b0000 - 0x00007ffafe503000 	C:\Windows\AppPatch\AppPatch64\AcGenral.DLL
0x00007ffb0dd60000 - 0x00007ffb0de0a000 	C:\Windows\system32\msvcrt.dll
0x00007ffb0aeb0000 - 0x00007ffb0aede000 	C:\Windows\SYSTEM32\SspiCli.dll
0x00007ffb0d5b0000 - 0x00007ffb0d604000 	C:\Windows\system32\SHLWAPI.dll
0x00007ffb0de10000 - 0x00007ffb0df87000 	C:\Windows\system32\USER32.dll
0x00007ffb0d190000 - 0x00007ffb0d324000 	C:\Windows\system32\ole32.dll
0x00007ffb0bb90000 - 0x00007ffb0d0ba000 	C:\Windows\system32\SHELL32.dll
0x00007ffb0a680000 - 0x00007ffb0a6a1000 	C:\Windows\SYSTEM32\USERENV.dll
0x00007ffb0bae0000 - 0x00007ffb0bb8a000 	C:\Windows\system32\ADVAPI32.dll
0x00007ffaff490000 - 0x00007ffaff4ae000 	C:\Windows\SYSTEM32\MPR.dll
0x00007ffb0b680000 - 0x00007ffb0b7c1000 	C:\Windows\system32\RPCRT4.dll
0x00007ffb0d330000 - 0x00007ffb0d389000 	C:\Windows\SYSTEM32\sechost.dll
0x00007ffb0d6d0000 - 0x00007ffb0d8e1000 	C:\Windows\SYSTEM32\combase.dll
0x00007ffb0b7d0000 - 0x00007ffb0b920000 	C:\Windows\system32\GDI32.dll
0x00007ffb0b0e0000 - 0x00007ffb0b0f5000 	C:\Windows\SYSTEM32\profapi.dll
0x00007ffb09910000 - 0x00007ffb099c2000 	C:\Windows\SYSTEM32\SHCORE.dll
0x00007ffb0d9c0000 - 0x00007ffb0d9f6000 	C:\Windows\system32\IMM32.DLL
0x00007ffb0d390000 - 0x00007ffb0d4e2000 	C:\Windows\system32\MSCTF.dll
0x00007ffb09490000 - 0x00007ffb0970b000 	C:\Windows\WinSxS\amd64_microsoft.windows.common-controls_6595b64144ccf1df_6.0.9600.18006_none_623f33d3ecbe86e8\COMCTL32.dll
0x00000000631d0000 - 0x00000000632a2000 	E:\program_files\jdk1.8.0_73\jre\bin\msvcr100.dll
0x0000000063650000 - 0x0000000063ee0000 	E:\program_files\jdk1.8.0_73\jre\bin\server\jvm.dll
0x00007ffb005a0000 - 0x00007ffb005a9000 	C:\Windows\SYSTEM32\WSOCK32.dll
0x00007ffb00570000 - 0x00007ffb00592000 	C:\Windows\SYSTEM32\WINMM.dll
0x00007ffb01350000 - 0x00007ffb0135a000 	C:\Windows\SYSTEM32\VERSION.dll
0x00007ffb0d9b0000 - 0x00007ffb0d9b7000 	C:\Windows\system32\PSAPI.DLL
0x00007ffb0d4f0000 - 0x00007ffb0d54a000 	C:\Windows\system32\WS2_32.dll
0x00007ffb00540000 - 0x00007ffb0056a000 	C:\Windows\SYSTEM32\WINMMBASE.dll
0x00007ffb0b920000 - 0x00007ffb0b929000 	C:\Windows\system32\NSI.dll
0x00007ffb0b330000 - 0x00007ffb0b37f000 	C:\Windows\SYSTEM32\cfgmgr32.dll
0x00007ffb09ee0000 - 0x00007ffb09f08000 	C:\Windows\SYSTEM32\DEVOBJ.dll
0x0000000063640000 - 0x000000006364f000 	E:\program_files\jdk1.8.0_73\jre\bin\verify.dll
0x0000000063610000 - 0x0000000063639000 	E:\program_files\jdk1.8.0_73\jre\bin\java.dll
0x0000000063180000 - 0x00000000631b5000 	E:\program_files\jdk1.8.0_73\jre\bin\jdwp.dll
0x0000000063170000 - 0x0000000063178000 	E:\program_files\jdk1.8.0_73\jre\bin\npt.dll
0x00000000635f0000 - 0x0000000063606000 	E:\program_files\jdk1.8.0_73\jre\bin\zip.dll
0x0000000063160000 - 0x0000000063169000 	E:\program_files\jdk1.8.0_73\jre\bin\dt_socket.dll
0x00007ffb0a8f0000 - 0x00007ffb0a949000 	C:\Windows\system32\mswsock.dll
0x00007ffb065a0000 - 0x00007ffb06729000 	C:\Windows\SYSTEM32\dbghelp.dll

VM Arguments:
jvm_args: -agentlib:jdwp=transport=dt_socket,address=127.0.0.1:30192,suspend=y,server=n -Dfile.encoding=UTF-8 
java_command: Main
java_class_path (initial): E:\program_files\jdk1.8.0_73\jre\lib\charsets.jar;E:\program_files\jdk1.8.0_73\jre\lib\deploy.jar;E:\program_files\jdk1.8.0_73\jre\lib\ext\access-bridge-64.jar;E:\program_files\jdk1.8.0_73\jre\lib\ext\cldrdata.jar;E:\program_files\jdk1.8.0_73\jre\lib\ext\dnsns.jar;E:\program_files\jdk1.8.0_73\jre\lib\ext\jaccess.jar;E:\program_files\jdk1.8.0_73\jre\lib\ext\jfxrt.jar;E:\program_files\jdk1.8.0_73\jre\lib\ext\localedata.jar;E:\program_files\jdk1.8.0_73\jre\lib\ext\nashorn.jar;E:\program_files\jdk1.8.0_73\jre\lib\ext\sunec.jar;E:\program_files\jdk1.8.0_73\jre\lib\ext\sunjce_provider.jar;E:\program_files\jdk1.8.0_73\jre\lib\ext\sunmscapi.jar;E:\program_files\jdk1.8.0_73\jre\lib\ext\sunpkcs11.jar;E:\program_files\jdk1.8.0_73\jre\lib\ext\zipfs.jar;E:\program_files\jdk1.8.0_73\jre\lib\javaws.jar;E:\program_files\jdk1.8.0_73\jre\lib\jce.jar;E:\program_files\jdk1.8.0_73\jre\lib\jfr.jar;E:\program_files\jdk1.8.0_73\jre\lib\jfxswt.jar;E:\program_files\jdk1.8.0_73\jre\lib\jsse.jar;E:\program_files\jdk1.8.0_73\jre\lib\management-agent.jar;E:\program_files\jdk1.8.0_73\jre\lib\plugin.jar;E:\program_files\jdk1.8.0_73\jre\lib\resources.jar;E:\program_files\jdk1.8.0_73\jre\lib\rt.jar;E:\projects\algorythm_projects\6_semester\salesman\out\production\salesman;E:\program_files\IntelliJ IDEA 2016.1.1\lib\idea_rt.jar
Launcher Type: SUN_STANDARD

Environment Variables:
JAVA_HOME=E:\program_files\jdk1.8.0_73
JRE_HOME=E:\program_files\Java\jre1.8.0_73
PATH=C:\ProgramData\Oracle\Java\javapath;F:\oracle_database\app\product\11.2.0\dbhome_1\bin;E:\program_files\apache-maven-3.3.9-bin\apache-maven-3.3.9\bin;C:\Program Files (x86)\Skype\Phone\;E:\program_files\sbt\bin;E:\program_files\Scala SDK\2.10.4\bin;E:\program_files\nodejs\;E:\program_files\Scala SDK 2.11.7\bin;E:\program_files\apache-maven-3.3.9\bin; E:\program_files\jdk1.8.0_73\bin;C:\Users\Настенька\AppData\Roaming\npm
USERNAME=Настенька
OS=Windows_NT
PROCESSOR_IDENTIFIER=Intel64 Family 6 Model 58 Stepping 9, GenuineIntel



---------------  S Y S T E M  ---------------

OS: Windows 8.1 , 64 bit Build 9600 (6.3.9600.17415)

CPU:total 2 (2 cores per cpu, 1 threads per core) family 6 model 58 stepping 9, cmov, cx8, fxsr, mmx, sse, sse2, sse3, ssse3, sse4.1, sse4.2, popcnt, clmul, erms, tsc, tscinvbit, tscinv

Memory: 4k page, physical 4052580k(495240k free), swap 9102616k(1645068k free)

vm_info: Java HotSpot(TM) 64-Bit Server VM (25.73-b02) for windows-amd64 JRE (1.8.0_73-b02), built on Jan 29 2016 17:38:49 by "java_re" with MS VC++ 10.0 (VS2010)

time: Wed Apr 20 18:42:27 2016
elapsed time: 337 seconds (0d 0h 5m 37s)

